
Gurobi 8.1.1 (mac64, Python) logging started Thu Oct 31 19:16:58 2019

Academic license - for non-commercial use only

Gurobi 8.1.1 (mac64, Python) logging started Thu Oct 31 19:19:54 2019

Academic license - for non-commercial use only

Gurobi 8.1.1 (mac64, Python) logging started Thu Oct 31 19:20:37 2019

Academic license - for non-commercial use only

Gurobi 8.1.1 (mac64, Python) logging started Thu Oct 31 19:21:28 2019

Academic license - for non-commercial use only
Optimize a model with 186 rows, 234 columns and 378 nonzeros
Variable types: 162 continuous, 72 integer (72 binary)
Coefficient statistics:
  Matrix range     [1e+00, 2e+01]
  Objective range  [1e+03, 1e+03]
  Bounds range     [1e+00, 1e+00]
  RHS range        [1e+00, 4e+01]
Presolve removed 0 rows and 144 columns
Presolve time: 0.00s

Explored 0 nodes (0 simplex iterations) in 0.00 seconds
Thread count was 1 (of 4 available processors)

Solution count 0

Model is infeasible
Best objective -, best bound -, gap -

Gurobi 8.1.1 (mac64, Python) logging started Thu Oct 31 19:28:14 2019

Academic license - for non-commercial use only
Optimize a model with 186 rows, 234 columns and 378 nonzeros
Variable types: 162 continuous, 72 integer (72 binary)
Coefficient statistics:
  Matrix range     [1e+00, 2e+01]
  Objective range  [1e+03, 1e+03]
  Bounds range     [1e+00, 1e+00]
  RHS range        [1e+00, 4e+01]
Presolve removed 0 rows and 144 columns
Presolve time: 0.00s

Explored 0 nodes (0 simplex iterations) in 0.00 seconds
Thread count was 1 (of 4 available processors)

Solution count 0

Model is infeasible
Best objective -, best bound -, gap -

Gurobi 8.1.1 (mac64, Python) logging started Thu Oct 31 19:35:34 2019

Academic license - for non-commercial use only
Optimize a model with 186 rows, 234 columns and 378 nonzeros
Variable types: 162 continuous, 72 integer (72 binary)
Coefficient statistics:
  Matrix range     [1e+00, 2e+01]
  Objective range  [1e+03, 1e+03]
  Bounds range     [1e+00, 1e+00]
  RHS range        [1e+00, 4e+01]
Presolve removed 0 rows and 144 columns
Presolve time: 0.00s

Explored 0 nodes (0 simplex iterations) in 0.00 seconds
Thread count was 1 (of 4 available processors)

Solution count 0

Model is infeasible
Best objective -, best bound -, gap -

Gurobi 8.1.1 (mac64, Python) logging started Thu Oct 31 19:36:05 2019

Academic license - for non-commercial use only
Optimize a model with 186 rows, 234 columns and 378 nonzeros
Variable types: 162 continuous, 72 integer (72 binary)
Coefficient statistics:
  Matrix range     [1e+00, 2e+01]
  Objective range  [1e+03, 1e+03]
  Bounds range     [1e+00, 1e+00]
  RHS range        [1e+00, 4e+01]
Presolve removed 0 rows and 144 columns
Presolve time: 0.00s

Explored 0 nodes (0 simplex iterations) in 0.00 seconds
Thread count was 1 (of 4 available processors)

Solution count 0

Model is infeasible
Best objective -, best bound -, gap -

Gurobi 8.1.1 (mac64, Python) logging started Thu Oct 31 19:37:32 2019

Academic license - for non-commercial use only
Optimize a model with 2 rows, 3 columns and 5 nonzeros
Variable types: 0 continuous, 3 integer (3 binary)
Coefficient statistics:
  Matrix range     [1e+00, 3e+00]
  Objective range  [1e+00, 2e+00]
  Bounds range     [1e+00, 1e+00]
  RHS range        [1e+00, 4e+00]
Found heuristic solution: objective 2.0000000
Presolve removed 2 rows and 3 columns
Presolve time: 0.00s
Presolve: All rows and columns removed

Explored 0 nodes (0 simplex iterations) in 0.00 seconds
Thread count was 1 (of 4 available processors)

Solution count 2: 3 2 

Optimal solution found (tolerance 1.00e-04)
Best objective 3.000000000000e+00, best bound 3.000000000000e+00, gap 0.0000%

Gurobi 8.1.1 (mac64, Python) logging started Thu Oct 31 19:38:02 2019

Academic license - for non-commercial use only
Optimize a model with 186 rows, 234 columns and 378 nonzeros
Variable types: 162 continuous, 72 integer (72 binary)
Coefficient statistics:
  Matrix range     [1e+00, 2e+01]
  Objective range  [1e+03, 1e+03]
  Bounds range     [1e+00, 1e+00]
  RHS range        [1e+00, 4e+01]
Presolve removed 0 rows and 144 columns
Presolve time: 0.00s

Explored 0 nodes (0 simplex iterations) in 0.00 seconds
Thread count was 1 (of 4 available processors)

Solution count 0

Model is infeasible
Best objective -, best bound -, gap -

Gurobi 8.1.1 (mac64, Python) logging started Thu Oct 31 19:46:49 2019

Academic license - for non-commercial use only
Optimize a model with 2 rows, 3 columns and 5 nonzeros
Variable types: 0 continuous, 3 integer (3 binary)
Coefficient statistics:
  Matrix range     [1e+00, 3e+00]
  Objective range  [1e+00, 2e+00]
  Bounds range     [1e+00, 1e+00]
  RHS range        [1e+00, 4e+00]
Found heuristic solution: objective 2.0000000
Presolve removed 2 rows and 3 columns
Presolve time: 0.00s
Presolve: All rows and columns removed

Explored 0 nodes (0 simplex iterations) in 0.00 seconds
Thread count was 1 (of 4 available processors)

Solution count 2: 3 2 

Optimal solution found (tolerance 1.00e-04)
Best objective 3.000000000000e+00, best bound 3.000000000000e+00, gap 0.0000%

Gurobi 8.1.1 (mac64, Python) logging started Thu Oct 31 19:47:47 2019

Academic license - for non-commercial use only
Optimize a model with 186 rows, 234 columns and 378 nonzeros
Variable types: 162 continuous, 72 integer (72 binary)
Coefficient statistics:
  Matrix range     [1e+00, 2e+01]
  Objective range  [1e+03, 1e+03]
  Bounds range     [1e+00, 1e+00]
  RHS range        [1e+00, 4e+01]
Presolve removed 0 rows and 144 columns
Presolve time: 0.00s

Explored 0 nodes (0 simplex iterations) in 0.00 seconds
Thread count was 1 (of 4 available processors)

Solution count 0

Model is infeasible
Best objective -, best bound -, gap -

Gurobi 8.1.1 (mac64, Python) logging started Thu Oct 31 19:51:12 2019

Academic license - for non-commercial use only
Optimize a model with 186 rows, 234 columns and 378 nonzeros
Variable types: 162 continuous, 72 integer (72 binary)
Coefficient statistics:
  Matrix range     [1e+00, 2e+01]
  Objective range  [1e+03, 1e+03]
  Bounds range     [1e+00, 1e+00]
  RHS range        [1e+00, 4e+01]
Presolve removed 0 rows and 144 columns
Presolve time: 0.00s

Explored 0 nodes (0 simplex iterations) in 0.00 seconds
Thread count was 1 (of 4 available processors)

Solution count 0

Model is infeasible
Best objective -, best bound -, gap -

Gurobi 8.1.1 (mac64, Python) logging started Thu Oct 31 19:51:50 2019

Academic license - for non-commercial use only
Optimize a model with 186 rows, 234 columns and 378 nonzeros
Variable types: 162 continuous, 72 integer (72 binary)
Coefficient statistics:
  Matrix range     [1e+00, 2e+01]
  Objective range  [1e+03, 1e+03]
  Bounds range     [1e+00, 1e+00]
  RHS range        [1e+00, 4e+01]
Presolve removed 0 rows and 144 columns
Presolve time: 0.00s

Explored 0 nodes (0 simplex iterations) in 0.00 seconds
Thread count was 1 (of 4 available processors)

Solution count 0

Model is infeasible
Best objective -, best bound -, gap -

Gurobi 8.1.1 (mac64, Python) logging started Thu Oct 31 19:54:59 2019

Academic license - for non-commercial use only
Optimize a model with 186 rows, 234 columns and 378 nonzeros
Variable types: 162 continuous, 72 integer (72 binary)
Coefficient statistics:
  Matrix range     [1e+00, 2e+01]
  Objective range  [1e+03, 1e+03]
  Bounds range     [1e+00, 1e+00]
  RHS range        [1e+00, 4e+01]
Presolve time: 0.00s

Explored 0 nodes (0 simplex iterations) in 21.82 seconds
Thread count was 1 (of 4 available processors)

Solution count 0

Solve interrupted
Best objective -, best bound -, gap -

Gurobi 8.1.1 (mac64, Python) logging started Thu Oct 31 19:57:42 2019

Academic license - for non-commercial use only
Optimize a model with 186 rows, 234 columns and 378 nonzeros
Variable types: 162 continuous, 72 integer (72 binary)
Coefficient statistics:
  Matrix range     [1e+00, 2e+01]
  Objective range  [1e+03, 1e+03]
  Bounds range     [1e+00, 1e+00]
  RHS range        [1e+00, 4e+01]
Presolve removed 0 rows and 144 columns
Presolve time: 0.00s

Explored 0 nodes (0 simplex iterations) in 0.00 seconds
Thread count was 1 (of 4 available processors)

Solution count 0

Model is infeasible
Best objective -, best bound -, gap -

Gurobi 8.1.1 (mac64, Python) logging started Thu Oct 31 19:58:51 2019

Academic license - for non-commercial use only
Optimize a model with 186 rows, 234 columns and 378 nonzeros
Variable types: 162 continuous, 72 integer (72 binary)
Coefficient statistics:
  Matrix range     [1e+00, 2e+01]
  Objective range  [1e+03, 1e+03]
  Bounds range     [1e+00, 1e+00]
  RHS range        [1e+00, 4e+01]
Presolve removed 0 rows and 144 columns
Presolve time: 0.00s

Explored 0 nodes (0 simplex iterations) in 0.00 seconds
Thread count was 1 (of 4 available processors)

Solution count 0

Model is infeasible
Best objective -, best bound -, gap -

Gurobi 8.1.1 (mac64, Python) logging started Thu Oct 31 20:02:53 2019

Academic license - for non-commercial use only
Optimize a model with 186 rows, 234 columns and 378 nonzeros
Variable types: 162 continuous, 72 integer (72 binary)
Coefficient statistics:
  Matrix range     [1e+00, 2e+01]
  Objective range  [1e+03, 1e+03]
  Bounds range     [1e+00, 1e+00]
  RHS range        [1e+00, 4e+01]
Presolve removed 0 rows and 144 columns
Presolve time: 0.00s

Explored 0 nodes (0 simplex iterations) in 3.67 seconds
Thread count was 1 (of 4 available processors)

Solution count 0

Model is infeasible
Best objective -, best bound -, gap -

Gurobi 8.1.1 (mac64, Python) logging started Thu Oct 31 20:07:57 2019

Academic license - for non-commercial use only
Optimize a model with 186 rows, 234 columns and 378 nonzeros
Variable types: 162 continuous, 72 integer (72 binary)
Coefficient statistics:
  Matrix range     [1e+00, 2e+01]
  Objective range  [1e+03, 1e+03]
  Bounds range     [1e+00, 1e+00]
  RHS range        [1e+00, 4e+01]
Presolve removed 0 rows and 144 columns
Presolve time: 0.00s

Explored 0 nodes (0 simplex iterations) in 25.31 seconds
Thread count was 1 (of 4 available processors)

Solution count 0

Model is infeasible
Best objective -, best bound -, gap -

Gurobi 8.1.1 (mac64, Python) logging started Thu Oct 31 20:17:05 2019

Academic license - for non-commercial use only

Gurobi 8.1.1 (mac64, Python) logging started Thu Oct 31 20:17:44 2019

Academic license - for non-commercial use only
Optimize a model with 238 rows, 312 columns and 504 nonzeros
Variable types: 216 continuous, 96 integer (96 binary)
Coefficient statistics:
  Matrix range     [1e+00, 2e+01]
  Objective range  [1e+03, 1e+03]
  Bounds range     [1e+00, 1e+00]
  RHS range        [1e+00, 5e+01]
Presolve removed 0 rows and 192 columns
Presolve time: 0.00s

Explored 0 nodes (0 simplex iterations) in 0.00 seconds
Thread count was 1 (of 4 available processors)

Solution count 0

Model is infeasible
Best objective -, best bound -, gap -

Gurobi 8.1.1 (mac64, Python) logging started Thu Oct 31 20:19:00 2019

Academic license - for non-commercial use only
Optimize a model with 238 rows, 312 columns and 504 nonzeros
Variable types: 216 continuous, 96 integer (96 binary)
Coefficient statistics:
  Matrix range     [1e+00, 2e+01]
  Objective range  [1e+03, 1e+03]
  Bounds range     [1e+00, 1e+00]
  RHS range        [1e+00, 5e+01]
Presolve removed 0 rows and 192 columns
Presolve time: 0.00s

Explored 0 nodes (0 simplex iterations) in 0.00 seconds
Thread count was 1 (of 4 available processors)

Solution count 0

Model is infeasible
Best objective -, best bound -, gap -

Gurobi 8.1.1 (mac64, Python) logging started Thu Oct 31 20:19:03 2019

Academic license - for non-commercial use only
Optimize a model with 238 rows, 312 columns and 504 nonzeros
Variable types: 216 continuous, 96 integer (96 binary)
Coefficient statistics:
  Matrix range     [1e+00, 2e+01]
  Objective range  [1e+03, 1e+03]
  Bounds range     [1e+00, 1e+00]
  RHS range        [1e+00, 5e+01]
Presolve removed 0 rows and 192 columns
Presolve time: 0.00s

Explored 0 nodes (0 simplex iterations) in 0.00 seconds
Thread count was 1 (of 4 available processors)

Solution count 0

Model is infeasible
Best objective -, best bound -, gap -

Gurobi 8.1.1 (mac64, Python) logging started Thu Oct 31 20:21:01 2019

Academic license - for non-commercial use only
Optimize a model with 238 rows, 312 columns and 504 nonzeros
Variable types: 216 continuous, 96 integer (96 binary)
Coefficient statistics:
  Matrix range     [1e+00, 2e+01]
  Objective range  [1e+03, 1e+03]
  Bounds range     [1e+00, 1e+00]
  RHS range        [1e+00, 5e+01]
Presolve removed 0 rows and 192 columns
Presolve time: 0.00s

Explored 0 nodes (0 simplex iterations) in 0.00 seconds
Thread count was 1 (of 4 available processors)

Solution count 0

Model is infeasible
Best objective -, best bound -, gap -

Gurobi 8.1.1 (mac64, Python) logging started Thu Oct 31 20:21:25 2019

Academic license - for non-commercial use only
Optimize a model with 238 rows, 312 columns and 504 nonzeros
Variable types: 216 continuous, 96 integer (96 binary)
Coefficient statistics:
  Matrix range     [1e+00, 2e+01]
  Objective range  [1e+03, 1e+03]
  Bounds range     [1e+00, 1e+00]
  RHS range        [1e+00, 5e+01]
Presolve removed 0 rows and 192 columns
Presolve time: 0.00s

Explored 0 nodes (0 simplex iterations) in 0.00 seconds
Thread count was 1 (of 4 available processors)

Solution count 0

Model is infeasible
Best objective -, best bound -, gap -

Gurobi 8.1.1 (mac64, Python) logging started Thu Oct 31 20:21:52 2019

Academic license - for non-commercial use only
Optimize a model with 238 rows, 312 columns and 504 nonzeros
Variable types: 216 continuous, 96 integer (96 binary)
Coefficient statistics:
  Matrix range     [1e+00, 2e+01]
  Objective range  [1e+03, 1e+03]
  Bounds range     [1e+00, 1e+00]
  RHS range        [1e+00, 5e+01]
Presolve removed 0 rows and 192 columns
Presolve time: 0.00s

Explored 0 nodes (0 simplex iterations) in 0.00 seconds
Thread count was 1 (of 4 available processors)

Solution count 0

Model is infeasible
Best objective -, best bound -, gap -

Gurobi 8.1.1 (mac64, Python) logging started Thu Oct 31 20:25:26 2019

Academic license - for non-commercial use only
Optimize a model with 238 rows, 312 columns and 696 nonzeros
Variable types: 216 continuous, 96 integer (96 binary)
Coefficient statistics:
  Matrix range     [1e+00, 2e+01]
  Objective range  [1e+03, 1e+03]
  Bounds range     [1e+00, 1e+00]
  RHS range        [1e+00, 5e+01]
Presolve removed 220 rows and 288 columns
Presolve time: 0.00s
Presolved: 18 rows, 24 columns, 60 nonzeros
Variable types: 0 continuous, 24 integer (24 binary)
Found heuristic solution: objective 3214000.0000

Root relaxation: cutoff, 12 iterations, 0.00 seconds

    Nodes    |    Current Node    |     Objective Bounds      |     Work
 Expl Unexpl |  Obj  Depth IntInf | Incumbent    BestBd   Gap | It/Node Time

     0     0     cutoff    0      3214000.00 3214000.00  0.00%     -    0s

Explored 0 nodes (12 simplex iterations) in 0.01 seconds
Thread count was 4 (of 4 available processors)

Solution count 1: 3.214e+06 

Optimal solution found (tolerance 1.00e-04)
Best objective 3.214000000000e+06, best bound 3.214000000000e+06, gap 0.0000%

Gurobi 8.1.1 (mac64, Python) logging started Thu Oct 31 20:27:26 2019

Academic license - for non-commercial use only
Optimize a model with 238 rows, 312 columns and 696 nonzeros
Variable types: 216 continuous, 96 integer (96 binary)
Coefficient statistics:
  Matrix range     [1e+00, 2e+01]
  Objective range  [5e+00, 5e+01]
  Bounds range     [1e+00, 1e+00]
  RHS range        [1e+00, 5e+01]
Presolve removed 220 rows and 288 columns
Presolve time: 0.00s
Presolved: 18 rows, 24 columns, 60 nonzeros
Variable types: 0 continuous, 24 integer (24 binary)
Found heuristic solution: objective 16070.000000

Root relaxation: cutoff, 12 iterations, 0.00 seconds

    Nodes    |    Current Node    |     Objective Bounds      |     Work
 Expl Unexpl |  Obj  Depth IntInf | Incumbent    BestBd   Gap | It/Node Time

     0     0     cutoff    0      16070.0000 16070.0000  0.00%     -    0s

Explored 0 nodes (12 simplex iterations) in 0.00 seconds
Thread count was 4 (of 4 available processors)

Solution count 1: 16070 

Optimal solution found (tolerance 1.00e-04)
Best objective 1.607000000000e+04, best bound 1.607000000000e+04, gap 0.0000%

Gurobi 8.1.1 (mac64, Python) logging started Thu Oct 31 20:31:18 2019

Academic license - for non-commercial use only
Optimize a model with 238 rows, 312 columns and 696 nonzeros
Variable types: 216 continuous, 96 integer (96 binary)
Coefficient statistics:
  Matrix range     [1e+00, 2e+01]
  Objective range  [5e+00, 5e+01]
  Bounds range     [1e+00, 1e+00]
  RHS range        [1e+00, 5e+01]
Presolve removed 220 rows and 288 columns
Presolve time: 0.00s
Presolved: 18 rows, 24 columns, 60 nonzeros
Variable types: 0 continuous, 24 integer (24 binary)
Found heuristic solution: objective 16070.000000

Root relaxation: cutoff, 12 iterations, 0.00 seconds

    Nodes    |    Current Node    |     Objective Bounds      |     Work
 Expl Unexpl |  Obj  Depth IntInf | Incumbent    BestBd   Gap | It/Node Time

     0     0     cutoff    0      16070.0000 16070.0000  0.00%     -    0s

Explored 0 nodes (12 simplex iterations) in 0.00 seconds
Thread count was 4 (of 4 available processors)

Solution count 1: 16070 

Optimal solution found (tolerance 1.00e-04)
Best objective 1.607000000000e+04, best bound 1.607000000000e+04, gap 0.0000%

Gurobi 8.1.1 (mac64, Python) logging started Thu Oct 31 20:31:49 2019

Academic license - for non-commercial use only
Optimize a model with 238 rows, 312 columns and 696 nonzeros
Variable types: 216 continuous, 96 integer (96 binary)
Coefficient statistics:
  Matrix range     [1e+00, 2e+01]
  Objective range  [5e+00, 5e+01]
  Bounds range     [1e+00, 1e+00]
  RHS range        [1e+00, 5e+01]
Presolve removed 220 rows and 288 columns
Presolve time: 0.00s
Presolved: 18 rows, 24 columns, 60 nonzeros
Variable types: 0 continuous, 24 integer (24 binary)
Found heuristic solution: objective 16070.000000

Root relaxation: cutoff, 12 iterations, 0.00 seconds

    Nodes    |    Current Node    |     Objective Bounds      |     Work
 Expl Unexpl |  Obj  Depth IntInf | Incumbent    BestBd   Gap | It/Node Time

     0     0     cutoff    0      16070.0000 16070.0000  0.00%     -    0s

Explored 0 nodes (12 simplex iterations) in 0.00 seconds
Thread count was 4 (of 4 available processors)

Solution count 1: 16070 

Optimal solution found (tolerance 1.00e-04)
Best objective 1.607000000000e+04, best bound 1.607000000000e+04, gap 0.0000%

Gurobi 8.1.1 (mac64, Python) logging started Thu Oct 31 20:32:07 2019

Academic license - for non-commercial use only
Optimize a model with 238 rows, 312 columns and 696 nonzeros
Variable types: 216 continuous, 96 integer (96 binary)
Coefficient statistics:
  Matrix range     [1e+00, 2e+01]
  Objective range  [5e+00, 5e+01]
  Bounds range     [1e+00, 1e+00]
  RHS range        [1e+00, 5e+01]
Presolve removed 220 rows and 288 columns
Presolve time: 0.00s
Presolved: 18 rows, 24 columns, 60 nonzeros
Variable types: 0 continuous, 24 integer (24 binary)
Found heuristic solution: objective 16070.000000

Root relaxation: cutoff, 12 iterations, 0.00 seconds

    Nodes    |    Current Node    |     Objective Bounds      |     Work
 Expl Unexpl |  Obj  Depth IntInf | Incumbent    BestBd   Gap | It/Node Time

     0     0     cutoff    0      16070.0000 16070.0000  0.00%     -    0s

Explored 0 nodes (12 simplex iterations) in 0.00 seconds
Thread count was 4 (of 4 available processors)

Solution count 1: 16070 

Optimal solution found (tolerance 1.00e-04)
Best objective 1.607000000000e+04, best bound 1.607000000000e+04, gap 0.0000%

Gurobi 8.1.1 (mac64, Python) logging started Thu Oct 31 20:34:51 2019

Academic license - for non-commercial use only
Optimize a model with 238 rows, 312 columns and 696 nonzeros
Variable types: 216 continuous, 96 integer (96 binary)
Coefficient statistics:
  Matrix range     [1e+00, 2e+01]
  Objective range  [5e+00, 5e+01]
  Bounds range     [1e+00, 1e+00]
  RHS range        [1e+00, 5e+01]
Presolve removed 220 rows and 288 columns
Presolve time: 0.00s
Presolved: 18 rows, 24 columns, 60 nonzeros
Variable types: 0 continuous, 24 integer (24 binary)
Found heuristic solution: objective 16070.000000

Root relaxation: cutoff, 12 iterations, 0.00 seconds

    Nodes    |    Current Node    |     Objective Bounds      |     Work
 Expl Unexpl |  Obj  Depth IntInf | Incumbent    BestBd   Gap | It/Node Time

     0     0     cutoff    0      16070.0000 16070.0000  0.00%     -    0s

Explored 0 nodes (12 simplex iterations) in 0.00 seconds
Thread count was 4 (of 4 available processors)

Solution count 1: 16070 

Optimal solution found (tolerance 1.00e-04)
Best objective 1.607000000000e+04, best bound 1.607000000000e+04, gap 0.0000%

Gurobi 8.1.1 (mac64, Python) logging started Thu Oct 31 20:39:33 2019

Academic license - for non-commercial use only
Optimize a model with 238 rows, 312 columns and 696 nonzeros
Variable types: 216 continuous, 96 integer (96 binary)
Coefficient statistics:
  Matrix range     [1e+00, 2e+01]
  Objective range  [5e+00, 5e+01]
  Bounds range     [1e+00, 1e+00]
  RHS range        [1e+00, 5e+01]
Presolve removed 220 rows and 288 columns
Presolve time: 0.00s
Presolved: 18 rows, 24 columns, 60 nonzeros
Variable types: 0 continuous, 24 integer (24 binary)
Found heuristic solution: objective 16070.000000

Root relaxation: cutoff, 12 iterations, 0.00 seconds

    Nodes    |    Current Node    |     Objective Bounds      |     Work
 Expl Unexpl |  Obj  Depth IntInf | Incumbent    BestBd   Gap | It/Node Time

     0     0     cutoff    0      16070.0000 16070.0000  0.00%     -    0s

Explored 0 nodes (12 simplex iterations) in 0.00 seconds
Thread count was 4 (of 4 available processors)

Solution count 1: 16070 

Optimal solution found (tolerance 1.00e-04)
Best objective 1.607000000000e+04, best bound 1.607000000000e+04, gap 0.0000%

Gurobi 8.1.1 (mac64, Python) logging started Thu Oct 31 20:41:27 2019

Academic license - for non-commercial use only
Optimize a model with 238 rows, 312 columns and 696 nonzeros
Variable types: 216 continuous, 96 integer (96 binary)
Coefficient statistics:
  Matrix range     [1e+00, 2e+01]
  Objective range  [5e+00, 5e+01]
  Bounds range     [1e+00, 1e+00]
  RHS range        [1e+00, 5e+01]
Presolve removed 220 rows and 288 columns
Presolve time: 0.00s
Presolved: 18 rows, 24 columns, 60 nonzeros
Variable types: 0 continuous, 24 integer (24 binary)
Found heuristic solution: objective 16070.000000

Root relaxation: cutoff, 12 iterations, 0.00 seconds

    Nodes    |    Current Node    |     Objective Bounds      |     Work
 Expl Unexpl |  Obj  Depth IntInf | Incumbent    BestBd   Gap | It/Node Time

     0     0     cutoff    0      16070.0000 16070.0000  0.00%     -    0s

Explored 0 nodes (12 simplex iterations) in 0.00 seconds
Thread count was 4 (of 4 available processors)

Solution count 1: 16070 

Optimal solution found (tolerance 1.00e-04)
Best objective 1.607000000000e+04, best bound 1.607000000000e+04, gap 0.0000%

Gurobi 8.1.1 (mac64, Python) logging started Thu Oct 31 20:46:43 2019

Academic license - for non-commercial use only

Gurobi 8.1.1 (mac64, Python) logging started Thu Oct 31 20:47:18 2019

Academic license - for non-commercial use only

Gurobi 8.1.1 (mac64, Python) logging started Thu Oct 31 20:47:49 2019

Academic license - for non-commercial use only
Optimize a model with 238 rows, 312 columns and 696 nonzeros
Variable types: 216 continuous, 96 integer (96 binary)
Coefficient statistics:
  Matrix range     [1e+00, 2e+01]
  Objective range  [5e+00, 5e+01]
  Bounds range     [1e+00, 1e+00]
  RHS range        [1e+00, 5e+01]
Presolve removed 220 rows and 288 columns
Presolve time: 0.00s
Presolved: 18 rows, 24 columns, 60 nonzeros
Variable types: 0 continuous, 24 integer (24 binary)
Found heuristic solution: objective 16070.000000

Root relaxation: cutoff, 12 iterations, 0.00 seconds

    Nodes    |    Current Node    |     Objective Bounds      |     Work
 Expl Unexpl |  Obj  Depth IntInf | Incumbent    BestBd   Gap | It/Node Time

     0     0     cutoff    0      16070.0000 16070.0000  0.00%     -    0s

Explored 0 nodes (12 simplex iterations) in 0.00 seconds
Thread count was 4 (of 4 available processors)

Solution count 1: 16070 

Optimal solution found (tolerance 1.00e-04)
Best objective 1.607000000000e+04, best bound 1.607000000000e+04, gap 0.0000%

Gurobi 8.1.1 (mac64, Python) logging started Thu Oct 31 20:48:53 2019

Academic license - for non-commercial use only
Optimize a model with 238 rows, 312 columns and 696 nonzeros
Variable types: 216 continuous, 96 integer (96 binary)
Coefficient statistics:
  Matrix range     [1e+00, 2e+01]
  Objective range  [5e+00, 5e+01]
  Bounds range     [1e+00, 1e+00]
  RHS range        [1e+00, 5e+01]
Presolve removed 220 rows and 288 columns
Presolve time: 0.00s
Presolved: 18 rows, 24 columns, 60 nonzeros
Variable types: 0 continuous, 24 integer (24 binary)
Found heuristic solution: objective 16070.000000

Root relaxation: cutoff, 12 iterations, 0.00 seconds

    Nodes    |    Current Node    |     Objective Bounds      |     Work
 Expl Unexpl |  Obj  Depth IntInf | Incumbent    BestBd   Gap | It/Node Time

     0     0     cutoff    0      16070.0000 16070.0000  0.00%     -    0s

Explored 0 nodes (12 simplex iterations) in 0.00 seconds
Thread count was 4 (of 4 available processors)

Solution count 1: 16070 

Optimal solution found (tolerance 1.00e-04)
Best objective 1.607000000000e+04, best bound 1.607000000000e+04, gap 0.0000%

Gurobi 8.1.1 (mac64, Python) logging started Thu Oct 31 20:49:13 2019

Academic license - for non-commercial use only
Optimize a model with 238 rows, 312 columns and 696 nonzeros
Variable types: 216 continuous, 96 integer (96 binary)
Coefficient statistics:
  Matrix range     [1e+00, 2e+01]
  Objective range  [5e+00, 5e+01]
  Bounds range     [1e+00, 1e+00]
  RHS range        [1e+00, 5e+01]
Presolve removed 220 rows and 288 columns
Presolve time: 0.00s
Presolved: 18 rows, 24 columns, 60 nonzeros
Variable types: 0 continuous, 24 integer (24 binary)
Found heuristic solution: objective 16070.000000

Root relaxation: cutoff, 12 iterations, 0.00 seconds

    Nodes    |    Current Node    |     Objective Bounds      |     Work
 Expl Unexpl |  Obj  Depth IntInf | Incumbent    BestBd   Gap | It/Node Time

     0     0     cutoff    0      16070.0000 16070.0000  0.00%     -    0s

Explored 0 nodes (12 simplex iterations) in 0.00 seconds
Thread count was 4 (of 4 available processors)

Solution count 1: 16070 

Optimal solution found (tolerance 1.00e-04)
Best objective 1.607000000000e+04, best bound 1.607000000000e+04, gap 0.0000%

Gurobi 8.1.1 (mac64, Python) logging started Thu Oct 31 20:49:18 2019

Academic license - for non-commercial use only
Optimize a model with 238 rows, 312 columns and 696 nonzeros
Variable types: 216 continuous, 96 integer (96 binary)
Coefficient statistics:
  Matrix range     [1e+00, 2e+01]
  Objective range  [5e+00, 5e+01]
  Bounds range     [1e+00, 1e+00]
  RHS range        [1e+00, 5e+01]
Presolve removed 220 rows and 288 columns
Presolve time: 0.00s
Presolved: 18 rows, 24 columns, 60 nonzeros
Variable types: 0 continuous, 24 integer (24 binary)
Found heuristic solution: objective 16070.000000

Root relaxation: cutoff, 12 iterations, 0.00 seconds

    Nodes    |    Current Node    |     Objective Bounds      |     Work
 Expl Unexpl |  Obj  Depth IntInf | Incumbent    BestBd   Gap | It/Node Time

     0     0     cutoff    0      16070.0000 16070.0000  0.00%     -    0s

Explored 0 nodes (12 simplex iterations) in 0.00 seconds
Thread count was 4 (of 4 available processors)

Solution count 1: 16070 

Optimal solution found (tolerance 1.00e-04)
Best objective 1.607000000000e+04, best bound 1.607000000000e+04, gap 0.0000%

Gurobi 8.1.1 (mac64, Python) logging started Thu Oct 31 20:49:24 2019

Academic license - for non-commercial use only
Optimize a model with 238 rows, 312 columns and 696 nonzeros
Variable types: 216 continuous, 96 integer (96 binary)
Coefficient statistics:
  Matrix range     [1e+00, 2e+01]
  Objective range  [5e+00, 5e+01]
  Bounds range     [1e+00, 1e+00]
  RHS range        [1e+00, 5e+01]
Presolve removed 220 rows and 288 columns
Presolve time: 0.00s
Presolved: 18 rows, 24 columns, 60 nonzeros
Variable types: 0 continuous, 24 integer (24 binary)
Found heuristic solution: objective 16070.000000

Root relaxation: cutoff, 12 iterations, 0.00 seconds

    Nodes    |    Current Node    |     Objective Bounds      |     Work
 Expl Unexpl |  Obj  Depth IntInf | Incumbent    BestBd   Gap | It/Node Time

     0     0     cutoff    0      16070.0000 16070.0000  0.00%     -    0s

Explored 0 nodes (12 simplex iterations) in 0.00 seconds
Thread count was 4 (of 4 available processors)

Solution count 1: 16070 

Optimal solution found (tolerance 1.00e-04)
Best objective 1.607000000000e+04, best bound 1.607000000000e+04, gap 0.0000%

Gurobi 8.1.1 (mac64, Python) logging started Thu Oct 31 20:50:23 2019

Academic license - for non-commercial use only
Optimize a model with 238 rows, 312 columns and 696 nonzeros
Variable types: 216 continuous, 96 integer (96 binary)
Coefficient statistics:
  Matrix range     [1e+00, 2e+01]
  Objective range  [5e+00, 5e+01]
  Bounds range     [1e+00, 1e+00]
  RHS range        [1e+00, 5e+01]
Presolve removed 220 rows and 288 columns
Presolve time: 0.00s
Presolved: 18 rows, 24 columns, 60 nonzeros
Variable types: 0 continuous, 24 integer (24 binary)
Found heuristic solution: objective 16070.000000

Root relaxation: cutoff, 12 iterations, 0.00 seconds

    Nodes    |    Current Node    |     Objective Bounds      |     Work
 Expl Unexpl |  Obj  Depth IntInf | Incumbent    BestBd   Gap | It/Node Time

     0     0     cutoff    0      16070.0000 16070.0000  0.00%     -    0s

Explored 0 nodes (12 simplex iterations) in 0.00 seconds
Thread count was 4 (of 4 available processors)

Solution count 1: 16070 

Optimal solution found (tolerance 1.00e-04)
Best objective 1.607000000000e+04, best bound 1.607000000000e+04, gap 0.0000%

Gurobi 8.1.1 (mac64, Python) logging started Thu Oct 31 20:50:52 2019

Academic license - for non-commercial use only
Optimize a model with 238 rows, 312 columns and 696 nonzeros
Variable types: 216 continuous, 96 integer (96 binary)
Coefficient statistics:
  Matrix range     [1e+00, 2e+01]
  Objective range  [5e+00, 5e+01]
  Bounds range     [1e+00, 1e+00]
  RHS range        [1e+00, 5e+01]
Presolve removed 220 rows and 288 columns
Presolve time: 0.00s
Presolved: 18 rows, 24 columns, 60 nonzeros
Variable types: 0 continuous, 24 integer (24 binary)
Found heuristic solution: objective 16070.000000

Root relaxation: cutoff, 12 iterations, 0.00 seconds

    Nodes    |    Current Node    |     Objective Bounds      |     Work
 Expl Unexpl |  Obj  Depth IntInf | Incumbent    BestBd   Gap | It/Node Time

     0     0     cutoff    0      16070.0000 16070.0000  0.00%     -    0s

Explored 0 nodes (12 simplex iterations) in 0.00 seconds
Thread count was 4 (of 4 available processors)

Solution count 1: 16070 

Optimal solution found (tolerance 1.00e-04)
Best objective 1.607000000000e+04, best bound 1.607000000000e+04, gap 0.0000%

Gurobi 8.1.1 (mac64, Python) logging started Thu Oct 31 20:50:58 2019

Academic license - for non-commercial use only
Optimize a model with 238 rows, 312 columns and 696 nonzeros
Variable types: 216 continuous, 96 integer (96 binary)
Coefficient statistics:
  Matrix range     [1e+00, 2e+01]
  Objective range  [5e+00, 5e+01]
  Bounds range     [1e+00, 1e+00]
  RHS range        [1e+00, 5e+01]
Presolve removed 220 rows and 288 columns
Presolve time: 0.00s
Presolved: 18 rows, 24 columns, 60 nonzeros
Variable types: 0 continuous, 24 integer (24 binary)
Found heuristic solution: objective 16070.000000

Root relaxation: cutoff, 12 iterations, 0.00 seconds

    Nodes    |    Current Node    |     Objective Bounds      |     Work
 Expl Unexpl |  Obj  Depth IntInf | Incumbent    BestBd   Gap | It/Node Time

     0     0     cutoff    0      16070.0000 16070.0000  0.00%     -    0s

Explored 0 nodes (12 simplex iterations) in 0.00 seconds
Thread count was 4 (of 4 available processors)

Solution count 1: 16070 

Optimal solution found (tolerance 1.00e-04)
Best objective 1.607000000000e+04, best bound 1.607000000000e+04, gap 0.0000%

Gurobi 8.1.1 (mac64, Python) logging started Thu Oct 31 20:51:12 2019

Academic license - for non-commercial use only
Optimize a model with 238 rows, 312 columns and 696 nonzeros
Variable types: 216 continuous, 96 integer (96 binary)
Coefficient statistics:
  Matrix range     [1e+00, 2e+01]
  Objective range  [5e+00, 5e+01]
  Bounds range     [1e+00, 1e+00]
  RHS range        [1e+00, 5e+01]
Presolve removed 220 rows and 288 columns
Presolve time: 0.00s
Presolved: 18 rows, 24 columns, 60 nonzeros
Variable types: 0 continuous, 24 integer (24 binary)
Found heuristic solution: objective 16070.000000

Root relaxation: cutoff, 12 iterations, 0.00 seconds

    Nodes    |    Current Node    |     Objective Bounds      |     Work
 Expl Unexpl |  Obj  Depth IntInf | Incumbent    BestBd   Gap | It/Node Time

     0     0     cutoff    0      16070.0000 16070.0000  0.00%     -    0s

Explored 0 nodes (12 simplex iterations) in 0.00 seconds
Thread count was 4 (of 4 available processors)

Solution count 1: 16070 

Optimal solution found (tolerance 1.00e-04)
Best objective 1.607000000000e+04, best bound 1.607000000000e+04, gap 0.0000%

Gurobi 8.1.1 (mac64, Python) logging started Thu Oct 31 20:51:30 2019

Academic license - for non-commercial use only
Optimize a model with 238 rows, 312 columns and 696 nonzeros
Variable types: 216 continuous, 96 integer (96 binary)
Coefficient statistics:
  Matrix range     [1e+00, 2e+01]
  Objective range  [5e+00, 5e+01]
  Bounds range     [1e+00, 1e+00]
  RHS range        [1e+00, 5e+01]
Presolve removed 220 rows and 288 columns
Presolve time: 0.00s
Presolved: 18 rows, 24 columns, 60 nonzeros
Variable types: 0 continuous, 24 integer (24 binary)
Found heuristic solution: objective 16070.000000

Root relaxation: cutoff, 12 iterations, 0.00 seconds

    Nodes    |    Current Node    |     Objective Bounds      |     Work
 Expl Unexpl |  Obj  Depth IntInf | Incumbent    BestBd   Gap | It/Node Time

     0     0     cutoff    0      16070.0000 16070.0000  0.00%     -    0s

Explored 0 nodes (12 simplex iterations) in 0.00 seconds
Thread count was 4 (of 4 available processors)

Solution count 1: 16070 

Optimal solution found (tolerance 1.00e-04)
Best objective 1.607000000000e+04, best bound 1.607000000000e+04, gap 0.0000%

Gurobi 8.1.1 (mac64, Python) logging started Thu Oct 31 20:51:45 2019

Academic license - for non-commercial use only
Optimize a model with 238 rows, 312 columns and 696 nonzeros
Variable types: 216 continuous, 96 integer (96 binary)
Coefficient statistics:
  Matrix range     [1e+00, 2e+01]
  Objective range  [5e+00, 5e+01]
  Bounds range     [1e+00, 1e+00]
  RHS range        [1e+00, 5e+01]
Presolve removed 220 rows and 288 columns
Presolve time: 0.00s
Presolved: 18 rows, 24 columns, 60 nonzeros
Variable types: 0 continuous, 24 integer (24 binary)
Found heuristic solution: objective 16070.000000

Root relaxation: cutoff, 12 iterations, 0.00 seconds

    Nodes    |    Current Node    |     Objective Bounds      |     Work
 Expl Unexpl |  Obj  Depth IntInf | Incumbent    BestBd   Gap | It/Node Time

     0     0     cutoff    0      16070.0000 16070.0000  0.00%     -    0s

Explored 0 nodes (12 simplex iterations) in 0.00 seconds
Thread count was 4 (of 4 available processors)

Solution count 1: 16070 

Optimal solution found (tolerance 1.00e-04)
Best objective 1.607000000000e+04, best bound 1.607000000000e+04, gap 0.0000%

Gurobi 8.1.1 (mac64, Python) logging started Thu Oct 31 20:51:54 2019

Academic license - for non-commercial use only
Optimize a model with 238 rows, 312 columns and 696 nonzeros
Variable types: 216 continuous, 96 integer (96 binary)
Coefficient statistics:
  Matrix range     [1e+00, 2e+01]
  Objective range  [5e+00, 5e+01]
  Bounds range     [1e+00, 1e+00]
  RHS range        [1e+00, 5e+01]
Presolve removed 220 rows and 288 columns
Presolve time: 0.00s
Presolved: 18 rows, 24 columns, 60 nonzeros
Variable types: 0 continuous, 24 integer (24 binary)
Found heuristic solution: objective 16070.000000

Root relaxation: cutoff, 12 iterations, 0.00 seconds

    Nodes    |    Current Node    |     Objective Bounds      |     Work
 Expl Unexpl |  Obj  Depth IntInf | Incumbent    BestBd   Gap | It/Node Time

     0     0     cutoff    0      16070.0000 16070.0000  0.00%     -    0s

Explored 0 nodes (12 simplex iterations) in 0.00 seconds
Thread count was 4 (of 4 available processors)

Solution count 1: 16070 

Optimal solution found (tolerance 1.00e-04)
Best objective 1.607000000000e+04, best bound 1.607000000000e+04, gap 0.0000%

Gurobi 8.1.1 (mac64, Python) logging started Thu Oct 31 20:52:25 2019

Academic license - for non-commercial use only
Optimize a model with 238 rows, 312 columns and 696 nonzeros
Variable types: 216 continuous, 96 integer (96 binary)
Coefficient statistics:
  Matrix range     [1e+00, 2e+01]
  Objective range  [5e+00, 5e+01]
  Bounds range     [1e+00, 1e+00]
  RHS range        [1e+00, 5e+01]
Presolve removed 220 rows and 288 columns
Presolve time: 0.00s
Presolved: 18 rows, 24 columns, 60 nonzeros
Variable types: 0 continuous, 24 integer (24 binary)
Found heuristic solution: objective 16070.000000

Root relaxation: cutoff, 12 iterations, 0.00 seconds

    Nodes    |    Current Node    |     Objective Bounds      |     Work
 Expl Unexpl |  Obj  Depth IntInf | Incumbent    BestBd   Gap | It/Node Time

     0     0     cutoff    0      16070.0000 16070.0000  0.00%     -    0s

Explored 0 nodes (12 simplex iterations) in 0.00 seconds
Thread count was 4 (of 4 available processors)

Solution count 1: 16070 

Optimal solution found (tolerance 1.00e-04)
Best objective 1.607000000000e+04, best bound 1.607000000000e+04, gap 0.0000%

Gurobi 8.1.1 (mac64, Python) logging started Thu Oct 31 20:52:49 2019

Academic license - for non-commercial use only
Optimize a model with 238 rows, 312 columns and 696 nonzeros
Variable types: 216 continuous, 96 integer (96 binary)
Coefficient statistics:
  Matrix range     [1e+00, 2e+01]
  Objective range  [5e+00, 5e+01]
  Bounds range     [1e+00, 1e+00]
  RHS range        [1e+00, 5e+01]
Presolve removed 220 rows and 288 columns
Presolve time: 0.00s
Presolved: 18 rows, 24 columns, 60 nonzeros
Variable types: 0 continuous, 24 integer (24 binary)
Found heuristic solution: objective 16070.000000

Root relaxation: cutoff, 12 iterations, 0.00 seconds

    Nodes    |    Current Node    |     Objective Bounds      |     Work
 Expl Unexpl |  Obj  Depth IntInf | Incumbent    BestBd   Gap | It/Node Time

     0     0     cutoff    0      16070.0000 16070.0000  0.00%     -    0s

Explored 0 nodes (12 simplex iterations) in 0.00 seconds
Thread count was 4 (of 4 available processors)

Solution count 1: 16070 

Optimal solution found (tolerance 1.00e-04)
Best objective 1.607000000000e+04, best bound 1.607000000000e+04, gap 0.0000%

Gurobi 8.1.1 (mac64, Python) logging started Thu Oct 31 20:53:55 2019

Academic license - for non-commercial use only
Optimize a model with 238 rows, 312 columns and 696 nonzeros
Variable types: 216 continuous, 96 integer (96 binary)
Coefficient statistics:
  Matrix range     [1e+00, 2e+01]
  Objective range  [5e+00, 5e+01]
  Bounds range     [1e+00, 1e+00]
  RHS range        [1e+00, 5e+01]
Presolve removed 220 rows and 288 columns
Presolve time: 0.00s
Presolved: 18 rows, 24 columns, 60 nonzeros
Variable types: 0 continuous, 24 integer (24 binary)
Found heuristic solution: objective 16070.000000

Root relaxation: cutoff, 12 iterations, 0.00 seconds

    Nodes    |    Current Node    |     Objective Bounds      |     Work
 Expl Unexpl |  Obj  Depth IntInf | Incumbent    BestBd   Gap | It/Node Time

     0     0     cutoff    0      16070.0000 16070.0000  0.00%     -    0s

Explored 0 nodes (12 simplex iterations) in 0.00 seconds
Thread count was 4 (of 4 available processors)

Solution count 1: 16070 

Optimal solution found (tolerance 1.00e-04)
Best objective 1.607000000000e+04, best bound 1.607000000000e+04, gap 0.0000%

Gurobi 8.1.1 (mac64, Python) logging started Thu Oct 31 20:54:04 2019

Academic license - for non-commercial use only
Optimize a model with 238 rows, 312 columns and 696 nonzeros
Variable types: 216 continuous, 96 integer (96 binary)
Coefficient statistics:
  Matrix range     [1e+00, 2e+01]
  Objective range  [5e+00, 5e+01]
  Bounds range     [1e+00, 1e+00]
  RHS range        [1e+00, 5e+01]
Presolve removed 220 rows and 288 columns
Presolve time: 0.00s
Presolved: 18 rows, 24 columns, 60 nonzeros
Variable types: 0 continuous, 24 integer (24 binary)
Found heuristic solution: objective 16070.000000

Root relaxation: cutoff, 12 iterations, 0.00 seconds

    Nodes    |    Current Node    |     Objective Bounds      |     Work
 Expl Unexpl |  Obj  Depth IntInf | Incumbent    BestBd   Gap | It/Node Time

     0     0     cutoff    0      16070.0000 16070.0000  0.00%     -    0s

Explored 0 nodes (12 simplex iterations) in 0.00 seconds
Thread count was 4 (of 4 available processors)

Solution count 1: 16070 

Optimal solution found (tolerance 1.00e-04)
Best objective 1.607000000000e+04, best bound 1.607000000000e+04, gap 0.0000%

Gurobi 8.1.1 (mac64, Python) logging started Tue Nov  5 19:29:53 2019

Academic license - for non-commercial use only

Gurobi 8.1.1 (mac64, Python) logging started Tue Nov  5 19:42:07 2019

Academic license - for non-commercial use only
Optimize a model with 16 rows, 0 columns and 0 nonzeros
Coefficient statistics:
  Matrix range     [0e+00, 0e+00]
  Objective range  [0e+00, 0e+00]
  Bounds range     [0e+00, 0e+00]
  RHS range        [1e+00, 1e+00]
Presolve removed 16 rows and 0 columns
Presolve time: 0.00s
Presolve: All rows and columns removed
Iteration    Objective       Primal Inf.    Dual Inf.      Time
       0    0.0000000e+00   0.000000e+00   0.000000e+00      0s

Solved in 0 iterations and 0.00 seconds
Optimal objective  0.000000000e+00

Gurobi 8.1.1 (mac64, Python) logging started Tue Nov  5 19:42:55 2019

Academic license - for non-commercial use only
Optimize a model with 16 rows, 0 columns and 0 nonzeros
Coefficient statistics:
  Matrix range     [0e+00, 0e+00]
  Objective range  [0e+00, 0e+00]
  Bounds range     [0e+00, 0e+00]
  RHS range        [1e+00, 1e+00]
Presolve removed 16 rows and 0 columns
Presolve time: 0.00s
Presolve: All rows and columns removed
Iteration    Objective       Primal Inf.    Dual Inf.      Time
       0    0.0000000e+00   0.000000e+00   0.000000e+00      0s

Solved in 0 iterations and 0.00 seconds
Optimal objective  0.000000000e+00

Gurobi 8.1.1 (mac64, Python) logging started Tue Nov  5 19:56:54 2019

Academic license - for non-commercial use only
Optimize a model with 238 rows, 312 columns and 696 nonzeros
Variable types: 216 continuous, 96 integer (96 binary)
Coefficient statistics:
  Matrix range     [1e+00, 2e+01]
  Objective range  [5e+00, 5e+01]
  Bounds range     [1e+00, 1e+00]
  RHS range        [1e+00, 5e+01]
Presolve removed 220 rows and 288 columns
Presolve time: 0.00s
Presolved: 18 rows, 24 columns, 60 nonzeros
Variable types: 0 continuous, 24 integer (24 binary)
Found heuristic solution: objective 16070.000000

Root relaxation: cutoff, 12 iterations, 0.00 seconds

    Nodes    |    Current Node    |     Objective Bounds      |     Work
 Expl Unexpl |  Obj  Depth IntInf | Incumbent    BestBd   Gap | It/Node Time

     0     0     cutoff    0      16070.0000 16070.0000  0.00%     -    0s

Explored 0 nodes (12 simplex iterations) in 0.00 seconds
Thread count was 4 (of 4 available processors)

Solution count 1: 16070 

Optimal solution found (tolerance 1.00e-04)
Best objective 1.607000000000e+04, best bound 1.607000000000e+04, gap 0.0000%

Gurobi 8.1.1 (mac64, Python) logging started Tue Nov  5 19:57:25 2019

Academic license - for non-commercial use only
Optimize a model with 238 rows, 312 columns and 696 nonzeros
Variable types: 216 continuous, 96 integer (96 binary)
Coefficient statistics:
  Matrix range     [1e+00, 2e+01]
  Objective range  [5e+00, 5e+01]
  Bounds range     [1e+00, 1e+00]
  RHS range        [1e+00, 5e+01]
Presolve removed 220 rows and 288 columns
Presolve time: 0.00s
Presolved: 18 rows, 24 columns, 60 nonzeros
Variable types: 0 continuous, 24 integer (24 binary)
Found heuristic solution: objective 16070.000000

Root relaxation: cutoff, 12 iterations, 0.00 seconds

    Nodes    |    Current Node    |     Objective Bounds      |     Work
 Expl Unexpl |  Obj  Depth IntInf | Incumbent    BestBd   Gap | It/Node Time

     0     0     cutoff    0      16070.0000 16070.0000  0.00%     -    0s

Explored 0 nodes (12 simplex iterations) in 0.00 seconds
Thread count was 4 (of 4 available processors)

Solution count 1: 16070 

Optimal solution found (tolerance 1.00e-04)
Best objective 1.607000000000e+04, best bound 1.607000000000e+04, gap 0.0000%

Gurobi 8.1.1 (mac64, Python) logging started Tue Nov  5 20:05:04 2019

Academic license - for non-commercial use only

Gurobi 8.1.1 (mac64, Python) logging started Tue Nov  5 20:06:03 2019

Academic license - for non-commercial use only

Gurobi 8.1.1 (mac64, Python) logging started Tue Nov  5 20:07:17 2019

Academic license - for non-commercial use only

Gurobi 8.1.1 (mac64, Python) logging started Tue Nov  5 20:08:19 2019

Academic license - for non-commercial use only
Optimize a model with 238 rows, 312 columns and 696 nonzeros
Variable types: 216 continuous, 96 integer (96 binary)
Coefficient statistics:
  Matrix range     [1e+00, 2e+01]
  Objective range  [5e+00, 5e+01]
  Bounds range     [1e+00, 1e+00]
  RHS range        [1e+00, 5e+01]
Presolve removed 220 rows and 288 columns
Presolve time: 0.00s
Presolved: 18 rows, 24 columns, 60 nonzeros
Variable types: 0 continuous, 24 integer (24 binary)
Found heuristic solution: objective 16070.000000

Root relaxation: cutoff, 12 iterations, 0.00 seconds

    Nodes    |    Current Node    |     Objective Bounds      |     Work
 Expl Unexpl |  Obj  Depth IntInf | Incumbent    BestBd   Gap | It/Node Time

     0     0     cutoff    0      16070.0000 16070.0000  0.00%     -    0s

Explored 0 nodes (12 simplex iterations) in 0.01 seconds
Thread count was 4 (of 4 available processors)

Solution count 1: 16070 

Optimal solution found (tolerance 1.00e-04)
Best objective 1.607000000000e+04, best bound 1.607000000000e+04, gap 0.0000%

Gurobi 8.1.1 (mac64, Python) logging started Tue Nov  5 20:09:47 2019

Academic license - for non-commercial use only
Optimize a model with 238 rows, 312 columns and 696 nonzeros
Variable types: 216 continuous, 96 integer (96 binary)
Coefficient statistics:
  Matrix range     [1e+00, 2e+01]
  Objective range  [5e+00, 5e+01]
  Bounds range     [1e+00, 1e+00]
  RHS range        [1e+00, 5e+01]
Presolve removed 220 rows and 288 columns
Presolve time: 0.00s
Presolved: 18 rows, 24 columns, 60 nonzeros
Variable types: 0 continuous, 24 integer (24 binary)
Found heuristic solution: objective 16070.000000

Root relaxation: cutoff, 12 iterations, 0.00 seconds

    Nodes    |    Current Node    |     Objective Bounds      |     Work
 Expl Unexpl |  Obj  Depth IntInf | Incumbent    BestBd   Gap | It/Node Time

     0     0     cutoff    0      16070.0000 16070.0000  0.00%     -    0s

Explored 0 nodes (12 simplex iterations) in 0.00 seconds
Thread count was 4 (of 4 available processors)

Solution count 1: 16070 

Optimal solution found (tolerance 1.00e-04)
Best objective 1.607000000000e+04, best bound 1.607000000000e+04, gap 0.0000%

Gurobi 8.1.1 (mac64, Python) logging started Tue Nov  5 20:10:32 2019

Academic license - for non-commercial use only
Optimize a model with 238 rows, 312 columns and 696 nonzeros
Variable types: 216 continuous, 96 integer (96 binary)
Coefficient statistics:
  Matrix range     [1e+00, 2e+01]
  Objective range  [5e+00, 5e+01]
  Bounds range     [1e+00, 1e+00]
  RHS range        [1e+00, 4e+01]
Presolve removed 220 rows and 288 columns
Presolve time: 0.00s
Presolved: 18 rows, 24 columns, 60 nonzeros
Variable types: 0 continuous, 24 integer (24 binary)
Found heuristic solution: objective 13670.000000

Root relaxation: cutoff, 12 iterations, 0.00 seconds

    Nodes    |    Current Node    |     Objective Bounds      |     Work
 Expl Unexpl |  Obj  Depth IntInf | Incumbent    BestBd   Gap | It/Node Time

     0     0     cutoff    0      13670.0000 13670.0000  0.00%     -    0s

Explored 0 nodes (12 simplex iterations) in 0.00 seconds
Thread count was 4 (of 4 available processors)

Solution count 1: 13670 

Optimal solution found (tolerance 1.00e-04)
Best objective 1.367000000000e+04, best bound 1.367000000000e+04, gap 0.0000%
